<?xml version="1.0" encoding="UTF-8"?>
<!-- Generated by org.testng.reporters.JUnitReportReporter -->
<testsuite hostname="DESKTOP-IVTN6H0" failures="0" tests="2" name="com.Mahakaal.NewTestcase.LoginPageTestCases" time="6.105" errors="0" timestamp="2023-04-16T14:05:04 IST" skipped="0">
  <testcase classname="com.Mahakaal.NewTestcase.LoginPageTestCases" name="openBrow" time="3.844"/>
  <system-out/>
  <testcase classname="com.Mahakaal.NewTestcase.LoginPageTestCases" name="user_open_url" time="2.261"/>
  <system-out/>
</testsuite> <!-- com.Mahakaal.NewTestcase.LoginPageTestCases -->
