<?xml version="1.0" encoding="UTF-8"?>
<!-- Generated by org.testng.reporters.JUnitReportReporter -->
<testsuite hostname="DESKTOP-IVTN6H0" failures="0" tests="5" name="com.datadriven.testing.LoginDataTestCases" time="4.977" errors="0" timestamp="2023-04-30T22:49:34 IST" skipped="0">
  <testcase classname="com.datadriven.testing.LoginDataTestCases" name="startApplication" time="0.561"/>
  <system-out/>
  <testcase classname="com.datadriven.testing.LoginDataTestCases" name="login" time="0.584"/>
  <system-out/>
  <testcase classname="com.datadriven.testing.LoginDataTestCases" name="login" time="0.910"/>
  <system-out/>
  <testcase classname="com.datadriven.testing.LoginDataTestCases" name="login" time="2.506"/>
  <system-out/>
  <testcase classname="com.datadriven.testing.LoginDataTestCases" name="login" time="0.416"/>
  <system-out/>
</testsuite> <!-- com.datadriven.testing.LoginDataTestCases -->
