<?xml version="1.0" encoding="UTF-8"?>
<!-- Generated by org.testng.reporters.JUnitReportReporter -->
<testsuite hostname="BAIPL-PC-HR2" failures="0" tests="1" name="com.Mahakaal.NewTestcase.MoneyDonationReceivedTestcases" time="2.235" errors="0" timestamp="17 Jul 2022 10:07:56 GMT">
  <testcase classname="com.Mahakaal.NewTestcase.MoneyDonationReceivedTestcases" name="MoneyDonationReceived" time="2.235"/>
</testsuite> <!-- com.Mahakaal.NewTestcase.MoneyDonationReceivedTestcases -->
