<?xml version="1.0" encoding="UTF-8"?>
<!-- Generated by org.testng.reporters.JUnitReportReporter -->
<testsuite hostname="DESKTOP-IVTN6H0" failures="0" tests="6" name="com.adminarea.testcase.LoginPageTestCases" time="24.842" errors="0" timestamp="2023-04-23T23:28:02 IST" skipped="0">
  <testcase classname="com.adminarea.testcase.LoginPageTestCases" name="openBrow" time="5.704"/>
  <system-out/>
  <testcase classname="com.adminarea.testcase.LoginPageTestCases" name="user_open_url" time="1.931"/>
  <system-out/>
  <testcase classname="com.adminarea.testcase.LoginPageTestCases" name="user_enter_email" time="0.311"/>
  <system-out/>
  <testcase classname="com.adminarea.testcase.LoginPageTestCases" name="user_enter_password" time="0.273"/>
  <system-out/>
  <testcase classname="com.adminarea.testcase.LoginPageTestCases" name="user_clickon_loginbutton" time="16.585"/>
  <system-out/>
  <testcase classname="com.adminarea.testcase.LoginPageTestCases" name="user_validate_dashboardpage" time="0.038"/>
  <system-out/>
</testsuite> <!-- com.adminarea.testcase.LoginPageTestCases -->
