<?xml version="1.0" encoding="UTF-8"?>
<!-- Generated by org.testng.reporters.JUnitReportReporter -->
<testsuite hostname="DESKTOP-IVTN6H0" failures="0" tests="6" name="com.adminarea.testcase.LoginPageTestCases" time="12.176" errors="0" timestamp="2023-04-18T21:46:34 IST" skipped="0">
  <testcase classname="com.adminarea.testcase.LoginPageTestCases" name="openBrow" time="4.179"/>
  <system-out/>
  <testcase classname="com.adminarea.testcase.LoginPageTestCases" name="user_open_url" time="2.537"/>
  <system-out/>
  <testcase classname="com.adminarea.testcase.LoginPageTestCases" name="user_enter_email" time="0.473"/>
  <system-out/>
  <testcase classname="com.adminarea.testcase.LoginPageTestCases" name="user_enter_password" time="0.381"/>
  <system-out/>
  <testcase classname="com.adminarea.testcase.LoginPageTestCases" name="user_clickon_loginbutton" time="4.556"/>
  <system-out/>
  <testcase classname="com.adminarea.testcase.LoginPageTestCases" name="user_validate_dashboardpage" time="0.050"/>
  <system-out/>
</testsuite> <!-- com.adminarea.testcase.LoginPageTestCases -->
