<?xml version="1.0" encoding="UTF-8"?>
<!-- Generated by org.testng.reporters.JUnitReportReporter -->
<testsuite hostname="DESKTOP-IVTN6H0" failures="0" tests="6" name="com.adminarea.testcase.LoginPageTestCases" time="14.333" errors="0" timestamp="2023-04-30T00:57:21 IST" skipped="0">
  <testcase classname="com.adminarea.testcase.LoginPageTestCases" name="openBrow" time="5.093"/>
  <system-out/>
  <testcase classname="com.adminarea.testcase.LoginPageTestCases" name="user_open_url" time="2.011"/>
  <system-out/>
  <testcase classname="com.adminarea.testcase.LoginPageTestCases" name="user_enter_email" time="0.504"/>
  <system-out/>
  <testcase classname="com.adminarea.testcase.LoginPageTestCases" name="user_enter_password" time="0.423"/>
  <system-out/>
  <testcase classname="com.adminarea.testcase.LoginPageTestCases" name="user_clickon_loginbutton" time="6.237"/>
  <system-out/>
  <testcase classname="com.adminarea.testcase.LoginPageTestCases" name="user_validate_dashboardpage" time="0.065"/>
  <system-out/>
</testsuite> <!-- com.adminarea.testcase.LoginPageTestCases -->
